-------------------------------------------------------------------------------
Test set: com.bracasfood.service.PedidoServiceTest
-------------------------------------------------------------------------------
Tests run: 2, Failures: 1, Errors: 0, Skipped: 0, Time elapsed: 0.1 sec <<< FAILURE!
com.bracasfood.service.PedidoServiceTest.testProgresoEnCamino()  Time elapsed: 0.096 sec  <<< FAILURE!
org.opentest4j.AssertionFailedError: El estado 'on_the_way' debe retornar 66% ==> expected: <99> but was: <66>
	at org.junit.jupiter.api.AssertionFailureBuilder.build(AssertionFailureBuilder.java:151)
	at org.junit.jupiter.api.AssertionFailureBuilder.buildAndThrow(AssertionFailureBuilder.java:132)
	at org.junit.jupiter.api.AssertEquals.failNotEqual(AssertEquals.java:197)
	at org.junit.jupiter.api.AssertEquals.assertEquals(AssertEquals.java:150)
	at org.junit.jupiter.api.Assertions.assertEquals(Assertions.java:563)
	at com.bracasfood.service.PedidoServiceTest.testProgresoEnCamino(PedidoServiceTest.java:14)

